Definitions
-----------

Period: Half-open interval: includes the beginning, excludes the end.
Impression: The number of people that may see an interaction. A like will be seen by all the friends of the person who liked. A tweet will be seen by all the followers of the person who tweeted.

facebook_personas has a friends_count column.
twitter_personas has a followers_count column.

Social Impressions == SUM(number_of_interactions * friends_count)

Problem
-------

Calculate the top 5 shows, ordered by social impressions, for the period between 2011-10-17 and 2011-10-23.

Subtleties
----------

* Two types of personas: Twitter and Facebook
* When followers_count or friends_count is 0, we use a default of 130

Constraints
-----------
I can answer in < 3s on my machine. What can you achieve?

Answer
-------

                   show_id                |           name            | impressions
    --------------------------------------+---------------------------+-------------
     71691cfa-daec-11e0-9b8e-40402761cfca | TVA NOUVELLES             |    16575003
     71689eba-daec-11e0-9b8e-40402761cfca | Tout le monde en parle    |     6965155
     71692ae2-daec-11e0-9b8e-40402761cfca | Occupation double         |     5834910
     71681dd2-daec-11e0-9b8e-40402761cfca | Un souper presque parfait |     3320405
     716849c4-daec-11e0-9b8e-40402761cfca | Opération Séduction       |     2509158

Multi-pronged approach:

* Warm the caches (35s to 22s)
* Configure your server and client appropriately (work_mem client-side, shared_buffers server-side) (22s to 8s with 64MB work_mem and 512MB shared_buffers);
* Add indexes where appropriate: created_at on show_bindings, facebook_interactions and twitter_interactions make the most sense here (8s to 7s);
* Reduce / simplify the problem (7s to 3s using TEMP table);
* Some more gains were made by creating a partial index on twitter_personas where followers_count > 0 (3s to 2s);

10 times faster using different techniques - measurement matters. EXPLAIN ANALYZE is your friend.

Final query plan:

                                                                                                                  QUERY PLAN
    --------------------------------------------------------------------------------------------------------------------------------------------------------------------------------------------------------------------------------------
    Sort  (cost=78468.21..78501.71 rows=13400 width=44) (actual time=891.914..891.918 rows=50 loops=1)
      Sort Key: (sum(("*SELECT* 1".count * COALESCE(personas.followers_count, 130))))
      Sort Method:  quicksort  Memory: 29kB
      ->  HashAggregate  (cost=77348.64..77549.64 rows=13400 width=44) (actual time=891.806..891.852 rows=50 loops=1)
            ->  Hash Left Join  (cost=53118.40..76968.92 rows=50630 width=44) (actual time=611.236..860.623 rows=37828 loops=1)
                  Hash Cond: (("*SELECT* 1".screen_name)::text = personas.profile_id)
                  ->  Hash Join  (cost=52989.07..75953.56 rows=50630 width=72) (actual time=608.982..844.613 rows=37828 loops=1)
                        Hash Cond: ("*SELECT* 1".show_id = shows.show_id)
                        ->  Append  (cost=52986.56..74878.00 rows=151134 width=56) (actual time=608.926..829.308 rows=37828 loops=1)
                              ->  Subquery Scan on "*SELECT* 1"  (cost=52986.56..54827.38 rows=81814 width=56) (actual time=608.925..611.701 rows=6484 loops=1)
                                    ->  HashAggregate  (cost=52986.56..54009.24 rows=81814 width=28) (actual time=608.923..610.667 rows=6484 loops=1)
                                          ->  Hash Join  (cost=46729.93..52372.96 rows=81814 width=28) (actual time=499.259..601.211 rows=14689 loops=1)
                                                Hash Cond: (public.show_bindings.interaction_id = twitter_interactions.interaction_id)
                                                ->  Bitmap Heap Scan on show_bindings  (cost=1742.88..5545.09 rows=81814 width=32) (actual time=7.807..17.148 rows=81690 loops=1)
                                                      Recheck Cond: ((created_at >= '2011-10-17 00:00:00'::timestamp without time zone) AND (created_at < '2011-10-23 00:00:00'::timestamp without time zone))
                                                      ->  Bitmap Index Scan on index_show_bindings_on_created_at  (cost=0.00..1722.42 rows=81814 width=0) (actual time=7.714..7.714 rows=81690 loops=1)
                                                            Index Cond: ((created_at >= '2011-10-17 00:00:00'::timestamp without time zone) AND (created_at < '2011-10-23 00:00:00'::timestamp without time zone))
                                                ->  Hash  (cost=38259.22..38259.22 rows=538227 width=28) (actual time=490.932..490.932 rows=543381 loops=1)
                                                      Buckets: 65536  Batches: 1  Memory Usage: 31864kB
                                                      ->  Index Scan using index_twitter_interactions_on_created_at on twitter_interactions  (cost=0.00..38259.22 rows=538227 width=28) (actual time=0.020..331.331 rows=543381 loops=1)
                                                            Index Cond: ((created_at >= '2011-10-17 00:00:00'::timestamp without time zone) AND (created_at < '2011-10-23 00:00:00'::timestamp without time zone))
                              ->  Subquery Scan on "*SELECT* 2"  (cost=18490.93..20050.63 rows=69320 width=56) (actual time=196.458..213.585 rows=31344 loops=1)
                                    ->  HashAggregate  (cost=18490.93..19357.43 rows=69320 width=28) (actual time=196.456..208.647 rows=31344 loops=1)
                                          ->  Hash Join  (cost=12452.94..17971.03 rows=69320 width=28) (actual time=85.519..160.080 rows=67001 loops=1)
                                                Hash Cond: (public.show_bindings.interaction_id = facebook_interactions.interaction_id)
                                                ->  Bitmap Heap Scan on show_bindings  (cost=1742.88..5545.09 rows=81814 width=32) (actual time=7.632..17.595 rows=81690 loops=1)
                                                      Recheck Cond: ((created_at >= '2011-10-17 00:00:00'::timestamp without time zone) AND (created_at < '2011-10-23 00:00:00'::timestamp without time zone))
                                                      ->  Bitmap Index Scan on index_show_bindings_on_created_at  (cost=0.00..1722.42 rows=81814 width=0) (actual time=7.532..7.532 rows=81690 loops=1)
                                                            Index Cond: ((created_at >= '2011-10-17 00:00:00'::timestamp without time zone) AND (created_at < '2011-10-23 00:00:00'::timestamp without time zone))
                                                ->  Hash  (cost=9843.56..9843.56 rows=69320 width=28) (actual time=66.893..66.893 rows=70795 loops=1)
                                                      Buckets: 8192  Batches: 1  Memory Usage: 4158kB
                                                      ->  Index Scan using index_facebook_interactions_on_created_at on facebook_interactions  (cost=0.00..9843.56 rows=69320 width=28) (actual time=0.063..44.722 rows=70795 loops=1)
                                                            Index Cond: ((created_at >= '2011-10-17 00:00:00'::timestamp without time zone) AND (created_at < '2011-10-23 00:00:00'::timestamp without time zone))
                        ->  Hash  (cost=1.67..1.67 rows=67 width=32) (actual time=0.044..0.044 rows=67 loops=1)
                              Buckets: 1024  Batches: 1  Memory Usage: 5kB
                              ->  Seq Scan on shows  (cost=0.00..1.67 rows=67 width=32) (actual time=0.013..0.024 rows=67 loops=1)
                  ->  Hash  (cost=72.48..72.48 rows=4548 width=36) (actual time=2.203..2.203 rows=4548 loops=1)
                        Buckets: 1024  Batches: 1  Memory Usage: 211kB
                        ->  Seq Scan on personas  (cost=0.00..72.48 rows=4548 width=36) (actual time=0.017..0.841 rows=4548 loops=1)
    Total runtime: 909.079 ms
